256
23
259
12
282
291
88
279
271
129
239
213
165
11
223
252
202
166
200
272
197
110
68
227
266
147
98
237
60
148
58
268
157
167
66
294
178
258
276
32
39
172
90
99
241
126
201
76
289
124
159
22
89
160
130
92
101
293
299
24
17
30
191
198
78
247
151
127
109
152
108
204
80
54
134
143
295
72
203
222
104
128
214
93
277
225
248
163
290
144
207
56
1
19
103
217
179
34
280
117
264
235
149
87
5
287
156
67
242
43
102
175
111
82
70
180
234
212
13
45
140
115
292
46
255
141
81
269
285
97
249
2
275
77
106
91
120
176
296
59
205
181
133
73
116
95
231
21
125
216
206
142
53
123
131
25
105
254
75
15
55
48
257
260
8
18
64
245